t="2022-04-30T06:50:33+07:00" l=info m="App doesnt use redis" func=billingdashboard/connections.InitRedisConnection file="C:/IMS/app/BillingDashboardBackend/connections/Redis_connection.go:44"
t="2022-04-30T06:50:33+07:00" l=info m="Database connection Initiated" func=billingdashboard/lib.DBConnection.Open file="C:/IMS/app/BillingDashboardBackend/lib/dbutils.go:95"
t="2022-04-30T06:50:33+07:00" l=info m="System Ready" func=main.main file="C:/IMS/app/BillingDashboardBackend/main.go:45"
t="2022-04-30T06:50:33+07:00" l=info m=request func=main.logRequest.func1 file="C:/IMS/app/BillingDashboardBackend/main.go:115" body="{\n\t\"invoice_id\":\"58\"\n}" ip="[::1]:63453" method=GET url=/payment
t="2022-04-30T06:50:35+07:00" l=info m=request func=main.logRequest.func1 file="C:/IMS/app/BillingDashboardBackend/main.go:115" body="{\n\t\"invoice_id\":\"58\"\n}" ip="[::1]:63453" method=GET url=/payment
t="2022-04-30T06:50:36+07:00" l=info m=request func=main.logRequest.func1 file="C:/IMS/app/BillingDashboardBackend/main.go:115" body="{\n\t\"invoice_id\":\"58\"\n}" ip="[::1]:63453" method=GET url=/payment
t="2022-04-30T06:52:04+07:00" l=info m="App doesnt use redis" func=billingdashboard/connections.InitRedisConnection file="C:/IMS/app/BillingDashboardBackend/connections/Redis_connection.go:44"
t="2022-04-30T06:52:04+07:00" l=info m="Database connection Initiated" func=billingdashboard/lib.DBConnection.Open file="C:/IMS/app/BillingDashboardBackend/lib/dbutils.go:95"
t="2022-04-30T06:52:04+07:00" l=info m="System Ready" func=main.main file="C:/IMS/app/BillingDashboardBackend/main.go:45"
t="2022-04-30T06:52:05+07:00" l=info m=request func=main.logRequest.func1 file="C:/IMS/app/BillingDashboardBackend/main.go:115" body="{\n\t\"invoice_id\":\"58\"\n}" ip="[::1]:63469" method=GET url=/payment
t="2022-04-30T06:52:05+07:00" l=info m="[RECEIVED REQUEST] {\n\t\"invoice_id\":\"58\"\n}" func=billingdashboard/core.LogBodyRequest file="C:/IMS/app/BillingDashboardBackend/core/transport_Global.go:106"
t="2022-04-30T06:52:05+07:00" l=info m="PaymentService.ListPayment Request : {ListPaymentID:[] PaymentID: InvoiceID:58 PaymentDate: Total: Note: CreatedBy: UserName: Param:{LastID: PerPage:0 Page:0 OrderBy: OrderDir:}}" func=billingdashboard/modules/payment/services.ListPayment file="C:/IMS/app/BillingDashboardBackend/modules/payment/services/Payment_service.go:18"
t="2022-04-30T06:52:05+07:00" l=info m="[SEND RESPONSE] {\"trans_id\":\"ac16f001626c7a2535f13e4c73ede\",\"response_code\":0,\"response_desc\":\"Success\",\"error_detail\":\"\",\"data\":{\"per_page\":0,\"page\":0,\"list\":[{\"payment_id\":\"1\",\"invoice_id\":\"58\",\"payment_date\":\"2022-04-29 00:00:00\",\"total\":\"200000.00\",\"note\":\"sip\",\"created_by\":\"krisman\",\"username\":\"Krisman Pratama Simanjuntak\"}]}}" func=billingdashboard/core.LogBodyRequest file="C:/IMS/app/BillingDashboardBackend/core/transport_Global.go:106"
t="2022-04-30T06:53:56+07:00" l=info m=request func=main.logRequest.func1 file="C:/IMS/app/BillingDashboardBackend/main.go:115" body="{\n\t\"invoice_id\":\"58\"\n}" ip="[::1]:63475" method=GET url=/payment
t="2022-04-30T06:53:56+07:00" l=info m="[RECEIVED REQUEST] {\n\t\"invoice_id\":\"58\"\n}" func=billingdashboard/core.LogBodyRequest file="C:/IMS/app/BillingDashboardBackend/core/transport_Global.go:106"
t="2022-04-30T06:53:56+07:00" l=info m="PaymentService.ListPayment Request : {ListPaymentID:[] PaymentID: InvoiceID:58 PaymentDate: Total: Note: CreatedBy: UserName: Param:{LastID: PerPage:0 Page:0 OrderBy: OrderDir:}}" func=billingdashboard/modules/payment/services.ListPayment file="C:/IMS/app/BillingDashboardBackend/modules/payment/services/Payment_service.go:18"
t="2022-04-30T06:53:56+07:00" l=info m="[SEND RESPONSE] {\"trans_id\":\"ac16f001626c7a9419cf11e6db54f\",\"response_code\":0,\"response_desc\":\"Success\",\"error_detail\":\"\",\"data\":{\"per_page\":0,\"page\":0,\"list\":[{\"payment_id\":\"1\",\"invoice_id\":\"58\",\"payment_date\":\"2022-04-29 00:00:00\",\"total\":\"200000.00\",\"note\":\"sip\",\"created_by\":\"krisman\",\"username\":\"Krisman Pratama\"},{\"payment_id\":\"2\",\"invoice_id\":\"58\",\"payment_date\":\"2022-04-30 00:00:00\",\"total\":\"150000.00\",\"note\":\"ok\",\"created_by\":\"krisman\",\"username\":\"Krisman Pratama\"}]}}" func=billingdashboard/core.LogBodyRequest file="C:/IMS/app/BillingDashboardBackend/core/transport_Global.go:106"
t="2022-04-30T07:28:21+07:00" l=info m="App doesnt use redis" func=billingdashboard/connections.InitRedisConnection file="C:/IMS/app/BillingDashboardBackend/connections/Redis_connection.go:44"
t="2022-04-30T07:28:21+07:00" l=info m="Database connection Initiated" func=billingdashboard/lib.DBConnection.Open file="C:/IMS/app/BillingDashboardBackend/lib/dbutils.go:95"
t="2022-04-30T07:28:21+07:00" l=info m="System Ready" func=main.main file="C:/IMS/app/BillingDashboardBackend/main.go:45"
t="2022-04-30T07:28:21+07:00" l=info m=request func=main.logRequest.func1 file="C:/IMS/app/BillingDashboardBackend/main.go:115" body="{\n\t\"invoice_id\":\"58\"\n}" ip="[::1]:63646" method=POST url=/payment
t="2022-04-30T07:28:21+07:00" l=info m="[RECEIVED REQUEST] {\n\t\"invoice_id\":\"58\"\n}" func=billingdashboard/core.LogBodyRequest file="C:/IMS/app/BillingDashboardBackend/core/transport_Global.go:106"
t="2022-04-30T07:28:21+07:00" l=info m="PaymentService.CreatePayment Request : {ListPaymentID:[] PaymentID: InvoiceID:58 PaymentDate: Total: Note: CreatedBy: UserName: LastUpdateUsername: Param:{LastID: PerPage:0 Page:0 OrderBy: OrderDir:}}" func=billingdashboard/modules/payment/services.CreatePayment file="C:/IMS/app/BillingDashboardBackend/modules/payment/services/Payment_service.go:41"
t="2022-04-30T07:28:21+07:00" l=info m="[SEND RESPONSE] {\"trans_id\":\"ac16f001626c82a5a0fbaf98197c6\",\"response_code\":3003,\"response_desc\":\"Incomplete Request\",\"error_detail\":\"\"}" func=billingdashboard/core.LogBodyRequest file="C:/IMS/app/BillingDashboardBackend/core/transport_Global.go:106"
t="2022-04-30T07:28:31+07:00" l=info m=request func=main.logRequest.func1 file="C:/IMS/app/BillingDashboardBackend/main.go:115" body="{\n\t\"invoice_id\":\"58\",\n\t\"total\":\"70000\"\n}" ip="[::1]:63647" method=POST url=/payment
t="2022-04-30T07:28:31+07:00" l=info m="[RECEIVED REQUEST] {\n\t\"invoice_id\":\"58\",\n\t\"total\":\"70000\"\n}" func=billingdashboard/core.LogBodyRequest file="C:/IMS/app/BillingDashboardBackend/core/transport_Global.go:106"
t="2022-04-30T07:28:31+07:00" l=info m="PaymentService.CreatePayment Request : {ListPaymentID:[] PaymentID: InvoiceID:58 PaymentDate: Total:70000 Note: CreatedBy: UserName: LastUpdateUsername: Param:{LastID: PerPage:0 Page:0 OrderBy: OrderDir:}}" func=billingdashboard/modules/payment/services.CreatePayment file="C:/IMS/app/BillingDashboardBackend/modules/payment/services/Payment_service.go:41"
t="2022-04-30T07:28:31+07:00" l=info m="[SEND RESPONSE] {\"trans_id\":\"ac16f001626c82af03b644d6b576b\",\"response_code\":3003,\"response_desc\":\"Incomplete Request\",\"error_detail\":\"\"}" func=billingdashboard/core.LogBodyRequest file="C:/IMS/app/BillingDashboardBackend/core/transport_Global.go:106"
t="2022-04-30T07:28:41+07:00" l=info m=request func=main.logRequest.func1 file="C:/IMS/app/BillingDashboardBackend/main.go:115" body="{\n\t\"invoice_id\":\"58\",\n\t\"total\":\"70000\",\n\t\"created_by\":\"krisman\"\n}" ip="[::1]:63649" method=POST url=/payment
t="2022-04-30T07:28:42+07:00" l=info m="[RECEIVED REQUEST] {\n\t\"invoice_id\":\"58\",\n\t\"total\":\"70000\",\n\t\"created_by\":\"krisman\"\n}" func=billingdashboard/core.LogBodyRequest file="C:/IMS/app/BillingDashboardBackend/core/transport_Global.go:106"
t="2022-04-30T07:28:42+07:00" l=info m="PaymentService.CreatePayment Request : {ListPaymentID:[] PaymentID: InvoiceID:58 PaymentDate: Total:70000 Note: CreatedBy:krisman UserName: LastUpdateUsername: Param:{LastID: PerPage:0 Page:0 OrderBy: OrderDir:}}" func=billingdashboard/modules/payment/services.CreatePayment file="C:/IMS/app/BillingDashboardBackend/modules/payment/services/Payment_service.go:41"
t="2022-04-30T07:28:42+07:00" l=error m="Error Execute SQL : INSERT INTO payment (payment_id, invoice_id, total, note, created_by, username, payment_date) VALUES (? , ? , ? , NULL , NULL , NULL , now()) [3 58 70000] -> Error 1048: Column 'created_by' cannot be null" func=billingdashboard/lib.DBConnection.Exec file="C:/IMS/app/BillingDashboardBackend/lib/dbutils.go:217"
t="2022-04-30T07:28:42+07:00" l=info m="[SEND RESPONSE] {\"trans_id\":\"ac16f001626c82b9f2dc09d12c3e2\",\"response_code\":9500,\"response_desc\":\"Server Error\",\"error_detail\":\"Error 1048: Column 'created_by' cannot be null\"}" func=billingdashboard/core.LogBodyRequest file="C:/IMS/app/BillingDashboardBackend/core/transport_Global.go:106"
t="2022-04-30T07:30:09+07:00" l=info m="App doesnt use redis" func=billingdashboard/connections.InitRedisConnection file="C:/IMS/app/BillingDashboardBackend/connections/Redis_connection.go:44"
t="2022-04-30T07:30:09+07:00" l=info m="Database connection Initiated" func=billingdashboard/lib.DBConnection.Open file="C:/IMS/app/BillingDashboardBackend/lib/dbutils.go:95"
t="2022-04-30T07:30:09+07:00" l=info m="System Ready" func=main.main file="C:/IMS/app/BillingDashboardBackend/main.go:45"
t="2022-04-30T07:30:09+07:00" l=info m=request func=main.logRequest.func1 file="C:/IMS/app/BillingDashboardBackend/main.go:115" body="{\n\t\"invoice_id\":\"58\",\n\t\"total\":\"70000\",\n\t\"created_by\":\"krisman\"\n}" ip="[::1]:63660" method=POST url=/payment
t="2022-04-30T07:30:09+07:00" l=info m="[RECEIVED REQUEST] {\n\t\"invoice_id\":\"58\",\n\t\"total\":\"70000\",\n\t\"created_by\":\"krisman\"\n}" func=billingdashboard/core.LogBodyRequest file="C:/IMS/app/BillingDashboardBackend/core/transport_Global.go:106"
t="2022-04-30T07:30:09+07:00" l=info m="PaymentService.CreatePayment Request : {ListPaymentID:[] PaymentID: InvoiceID:58 PaymentDate: Total:70000 Note: CreatedBy:krisman UserName: LastUpdateUsername: Param:{LastID: PerPage:0 Page:0 OrderBy: OrderDir:}}" func=billingdashboard/modules/payment/services.CreatePayment file="C:/IMS/app/BillingDashboardBackend/modules/payment/services/Payment_service.go:41"
t="2022-04-30T07:30:09+07:00" l=error m="Error Execute SQL : INSERT INTO payment (payment_id, invoice_id, total, note, created_by, username) VALUES (? , ? , ? , NULL , NULL , NULL) [3 58 70000] -> Error 1048: Column 'created_by' cannot be null" func=billingdashboard/lib.DBConnection.Exec file="C:/IMS/app/BillingDashboardBackend/lib/dbutils.go:217"
t="2022-04-30T07:30:09+07:00" l=info m="[SEND RESPONSE] {\"trans_id\":\"ac16f001626c8311b46e3656cdb4d\",\"response_code\":9500,\"response_desc\":\"Server Error\",\"error_detail\":\"Error 1048: Column 'created_by' cannot be null\"}" func=billingdashboard/core.LogBodyRequest file="C:/IMS/app/BillingDashboardBackend/core/transport_Global.go:106"
t="2022-04-30T07:30:12+07:00" l=info m=request func=main.logRequest.func1 file="C:/IMS/app/BillingDashboardBackend/main.go:115" body="{\n\t\"invoice_id\":\"58\",\n\t\"total\":\"70000\",\n\t\"created_by\":\"krisman\"\n}" ip="[::1]:63661" method=POST url=/payment
t="2022-04-30T07:30:12+07:00" l=info m="[RECEIVED REQUEST] {\n\t\"invoice_id\":\"58\",\n\t\"total\":\"70000\",\n\t\"created_by\":\"krisman\"\n}" func=billingdashboard/core.LogBodyRequest file="C:/IMS/app/BillingDashboardBackend/core/transport_Global.go:106"
t="2022-04-30T07:30:12+07:00" l=info m="PaymentService.CreatePayment Request : {ListPaymentID:[] PaymentID: InvoiceID:58 PaymentDate: Total:70000 Note: CreatedBy:krisman UserName: LastUpdateUsername: Param:{LastID: PerPage:0 Page:0 OrderBy: OrderDir:}}" func=billingdashboard/modules/payment/services.CreatePayment file="C:/IMS/app/BillingDashboardBackend/modules/payment/services/Payment_service.go:41"
t="2022-04-30T07:30:12+07:00" l=error m="Error Execute SQL : INSERT INTO payment (payment_id, invoice_id, total, note, created_by, username) VALUES (? , ? , ? , NULL , NULL , NULL) [3 58 70000] -> Error 1048: Column 'created_by' cannot be null" func=billingdashboard/lib.DBConnection.Exec file="C:/IMS/app/BillingDashboardBackend/lib/dbutils.go:217"
t="2022-04-30T07:30:12+07:00" l=info m="[SEND RESPONSE] {\"trans_id\":\"ac16f001626c83143032bf312707f\",\"response_code\":9500,\"response_desc\":\"Server Error\",\"error_detail\":\"Error 1048: Column 'created_by' cannot be null\"}" func=billingdashboard/core.LogBodyRequest file="C:/IMS/app/BillingDashboardBackend/core/transport_Global.go:106"
t="2022-04-30T07:30:13+07:00" l=info m=request func=main.logRequest.func1 file="C:/IMS/app/BillingDashboardBackend/main.go:115" body="{\n\t\"invoice_id\":\"58\",\n\t\"total\":\"70000\",\n\t\"created_by\":\"krisman\"\n}" ip="[::1]:63663" method=POST url=/payment
t="2022-04-30T07:30:13+07:00" l=info m="[RECEIVED REQUEST] {\n\t\"invoice_id\":\"58\",\n\t\"total\":\"70000\",\n\t\"created_by\":\"krisman\"\n}" func=billingdashboard/core.LogBodyRequest file="C:/IMS/app/BillingDashboardBackend/core/transport_Global.go:106"
t="2022-04-30T07:30:13+07:00" l=info m="PaymentService.CreatePayment Request : {ListPaymentID:[] PaymentID: InvoiceID:58 PaymentDate: Total:70000 Note: CreatedBy:krisman UserName: LastUpdateUsername: Param:{LastID: PerPage:0 Page:0 OrderBy: OrderDir:}}" func=billingdashboard/modules/payment/services.CreatePayment file="C:/IMS/app/BillingDashboardBackend/modules/payment/services/Payment_service.go:41"
t="2022-04-30T07:30:13+07:00" l=error m="Error Execute SQL : INSERT INTO payment (payment_id, invoice_id, total, note, created_by, username) VALUES (? , ? , ? , NULL , NULL , NULL) [3 58 70000] -> Error 1048: Column 'created_by' cannot be null" func=billingdashboard/lib.DBConnection.Exec file="C:/IMS/app/BillingDashboardBackend/lib/dbutils.go:217"
t="2022-04-30T07:30:13+07:00" l=info m="[SEND RESPONSE] {\"trans_id\":\"ac16f001626c8315ea18365f48de2\",\"response_code\":9500,\"response_desc\":\"Server Error\",\"error_detail\":\"Error 1048: Column 'created_by' cannot be null\"}" func=billingdashboard/core.LogBodyRequest file="C:/IMS/app/BillingDashboardBackend/core/transport_Global.go:106"
t="2022-04-30T07:30:15+07:00" l=info m=request func=main.logRequest.func1 file="C:/IMS/app/BillingDashboardBackend/main.go:115" body="{\n\t\"invoice_id\":\"58\",\n\t\"total\":\"70000\",\n\t\"created_by\":\"krisman\"\n}" ip="[::1]:63664" method=POST url=/payment
t="2022-04-30T07:30:15+07:00" l=info m="[RECEIVED REQUEST] {\n\t\"invoice_id\":\"58\",\n\t\"total\":\"70000\",\n\t\"created_by\":\"krisman\"\n}" func=billingdashboard/core.LogBodyRequest file="C:/IMS/app/BillingDashboardBackend/core/transport_Global.go:106"
t="2022-04-30T07:30:15+07:00" l=info m="PaymentService.CreatePayment Request : {ListPaymentID:[] PaymentID: InvoiceID:58 PaymentDate: Total:70000 Note: CreatedBy:krisman UserName: LastUpdateUsername: Param:{LastID: PerPage:0 Page:0 OrderBy: OrderDir:}}" func=billingdashboard/modules/payment/services.CreatePayment file="C:/IMS/app/BillingDashboardBackend/modules/payment/services/Payment_service.go:41"
t="2022-04-30T07:30:15+07:00" l=error m="Error Execute SQL : INSERT INTO payment (payment_id, invoice_id, total, note, created_by, username) VALUES (? , ? , ? , NULL , NULL , NULL) [3 58 70000] -> Error 1048: Column 'created_by' cannot be null" func=billingdashboard/lib.DBConnection.Exec file="C:/IMS/app/BillingDashboardBackend/lib/dbutils.go:217"
t="2022-04-30T07:30:15+07:00" l=info m="[SEND RESPONSE] {\"trans_id\":\"ac16f001626c83171925577e579b0\",\"response_code\":9500,\"response_desc\":\"Server Error\",\"error_detail\":\"Error 1048: Column 'created_by' cannot be null\"}" func=billingdashboard/core.LogBodyRequest file="C:/IMS/app/BillingDashboardBackend/core/transport_Global.go:106"
t="2022-04-30T07:30:23+07:00" l=info m=request func=main.logRequest.func1 file="C:/IMS/app/BillingDashboardBackend/main.go:115" body="{\n\t\"invoice_id\":\"58\",\n\t\"total\":\"70000\",\n\t\"created_by\":\"krisman\"\n}" ip="[::1]:63666" method=POST url=/payment
t="2022-04-30T07:30:23+07:00" l=info m="[RECEIVED REQUEST] {\n\t\"invoice_id\":\"58\",\n\t\"total\":\"70000\",\n\t\"created_by\":\"krisman\"\n}" func=billingdashboard/core.LogBodyRequest file="C:/IMS/app/BillingDashboardBackend/core/transport_Global.go:106"
t="2022-04-30T07:30:23+07:00" l=info m="PaymentService.CreatePayment Request : {ListPaymentID:[] PaymentID: InvoiceID:58 PaymentDate: Total:70000 Note: CreatedBy:krisman UserName: LastUpdateUsername: Param:{LastID: PerPage:0 Page:0 OrderBy: OrderDir:}}" func=billingdashboard/modules/payment/services.CreatePayment file="C:/IMS/app/BillingDashboardBackend/modules/payment/services/Payment_service.go:41"
t="2022-04-30T07:30:23+07:00" l=error m="Error Execute SQL : INSERT INTO payment (payment_id, invoice_id, total, note, created_by, username) VALUES (? , ? , ? , NULL , NULL , NULL) [3 58 70000] -> Error 1048: Column 'created_by' cannot be null" func=billingdashboard/lib.DBConnection.Exec file="C:/IMS/app/BillingDashboardBackend/lib/dbutils.go:217"
t="2022-04-30T07:30:23+07:00" l=info m="[SEND RESPONSE] {\"trans_id\":\"ac16f001626c831f955ad3be88460\",\"response_code\":9500,\"response_desc\":\"Server Error\",\"error_detail\":\"Error 1048: Column 'created_by' cannot be null\"}" func=billingdashboard/core.LogBodyRequest file="C:/IMS/app/BillingDashboardBackend/core/transport_Global.go:106"
t="2022-04-30T07:30:24+07:00" l=info m=request func=main.logRequest.func1 file="C:/IMS/app/BillingDashboardBackend/main.go:115" body="{\n\t\"invoice_id\":\"58\",\n\t\"total\":\"70000\",\n\t\"created_by\":\"krisman\"\n}" ip="[::1]:63667" method=POST url=/payment
t="2022-04-30T07:30:24+07:00" l=info m="[RECEIVED REQUEST] {\n\t\"invoice_id\":\"58\",\n\t\"total\":\"70000\",\n\t\"created_by\":\"krisman\"\n}" func=billingdashboard/core.LogBodyRequest file="C:/IMS/app/BillingDashboardBackend/core/transport_Global.go:106"
t="2022-04-30T07:30:24+07:00" l=info m="PaymentService.CreatePayment Request : {ListPaymentID:[] PaymentID: InvoiceID:58 PaymentDate: Total:70000 Note: CreatedBy:krisman UserName: LastUpdateUsername: Param:{LastID: PerPage:0 Page:0 OrderBy: OrderDir:}}" func=billingdashboard/modules/payment/services.CreatePayment file="C:/IMS/app/BillingDashboardBackend/modules/payment/services/Payment_service.go:41"
t="2022-04-30T07:30:24+07:00" l=error m="Error Execute SQL : INSERT INTO payment (payment_id, invoice_id, total, note, created_by, username) VALUES (? , ? , ? , NULL , NULL , NULL) [3 58 70000] -> Error 1048: Column 'created_by' cannot be null" func=billingdashboard/lib.DBConnection.Exec file="C:/IMS/app/BillingDashboardBackend/lib/dbutils.go:217"
t="2022-04-30T07:30:24+07:00" l=info m="[SEND RESPONSE] {\"trans_id\":\"ac16f001626c8320be9774fcf0b01\",\"response_code\":9500,\"response_desc\":\"Server Error\",\"error_detail\":\"Error 1048: Column 'created_by' cannot be null\"}" func=billingdashboard/core.LogBodyRequest file="C:/IMS/app/BillingDashboardBackend/core/transport_Global.go:106"
t="2022-04-30T07:30:54+07:00" l=info m=request func=main.logRequest.func1 file="C:/IMS/app/BillingDashboardBackend/main.go:115" body="{\n\t\"invoice_id\":\"58\",\n\t\"total\":\"70000\",\n\t\"created_by\":\"krisman\"\n}" ip="[::1]:63669" method=POST url=/payment
t="2022-04-30T07:30:54+07:00" l=info m="[RECEIVED REQUEST] {\n\t\"invoice_id\":\"58\",\n\t\"total\":\"70000\",\n\t\"created_by\":\"krisman\"\n}" func=billingdashboard/core.LogBodyRequest file="C:/IMS/app/BillingDashboardBackend/core/transport_Global.go:106"
t="2022-04-30T07:30:54+07:00" l=info m="PaymentService.CreatePayment Request : {ListPaymentID:[] PaymentID: InvoiceID:58 PaymentDate: Total:70000 Note: CreatedBy:krisman UserName: LastUpdateUsername: Param:{LastID: PerPage:0 Page:0 OrderBy: OrderDir:}}" func=billingdashboard/modules/payment/services.CreatePayment file="C:/IMS/app/BillingDashboardBackend/modules/payment/services/Payment_service.go:41"
t="2022-04-30T07:30:54+07:00" l=error m="Error Execute SQL : INSERT INTO payment (payment_id, invoice_id, total, note, created_by, username) VALUES (? , ? , ? , NULL , NULL , NULL) [3 58 70000] -> Error 1048: Column 'created_by' cannot be null" func=billingdashboard/lib.DBConnection.Exec file="C:/IMS/app/BillingDashboardBackend/lib/dbutils.go:217"
t="2022-04-30T07:30:54+07:00" l=info m="[SEND RESPONSE] {\"trans_id\":\"ac16f001626c833e7b814e8bad023\",\"response_code\":9500,\"response_desc\":\"Server Error\",\"error_detail\":\"Error 1048: Column 'created_by' cannot be null\"}" func=billingdashboard/core.LogBodyRequest file="C:/IMS/app/BillingDashboardBackend/core/transport_Global.go:106"
t="2022-04-30T07:31:48+07:00" l=info m="App doesnt use redis" func=billingdashboard/connections.InitRedisConnection file="C:/IMS/app/BillingDashboardBackend/connections/Redis_connection.go:44"
t="2022-04-30T07:31:48+07:00" l=info m="Database connection Initiated" func=billingdashboard/lib.DBConnection.Open file="C:/IMS/app/BillingDashboardBackend/lib/dbutils.go:95"
t="2022-04-30T07:31:48+07:00" l=info m="System Ready" func=main.main file="C:/IMS/app/BillingDashboardBackend/main.go:45"
t="2022-04-30T07:31:48+07:00" l=info m=request func=main.logRequest.func1 file="C:/IMS/app/BillingDashboardBackend/main.go:115" body="{\n\t\"invoice_id\":\"58\",\n\t\"total\":\"70000\",\n\t\"created_by\":\"krisman\"\n}" ip="[::1]:63678" method=POST url=/payment
t="2022-04-30T07:31:48+07:00" l=info m="[RECEIVED REQUEST] {\n\t\"invoice_id\":\"58\",\n\t\"total\":\"70000\",\n\t\"created_by\":\"krisman\"\n}" func=billingdashboard/core.LogBodyRequest file="C:/IMS/app/BillingDashboardBackend/core/transport_Global.go:106"
t="2022-04-30T07:31:48+07:00" l=info m="PaymentService.CreatePayment Request : {ListPaymentID:[] PaymentID: InvoiceID:58 PaymentDate: Total:70000 Note: CreatedBy:krisman UserName: LastUpdateUsername: Param:{LastID: PerPage:0 Page:0 OrderBy: OrderDir:}}" func=billingdashboard/modules/payment/services.CreatePayment file="C:/IMS/app/BillingDashboardBackend/modules/payment/services/Payment_service.go:41"
t="2022-04-30T07:31:48+07:00" l=info m="LihatQueryINSERT INTO payment (payment_id, invoice_id, total, note, created_by, username) VALUES (? , ? , ? , NULL , NULL , NULL)" func=billingdashboard/modules/payment/models.InsertPayment file="C:/IMS/app/BillingDashboardBackend/modules/payment/models/PaymentCRUD_model.go:64"
t="2022-04-30T07:31:48+07:00" l=error m="Error Execute SQL : INSERT INTO payment (payment_id, invoice_id, total, note, created_by, username) VALUES (? , ? , ? , NULL , NULL , NULL) [3 58 70000] -> Error 1048: Column 'created_by' cannot be null" func=billingdashboard/lib.DBConnection.Exec file="C:/IMS/app/BillingDashboardBackend/lib/dbutils.go:217"
t="2022-04-30T07:31:48+07:00" l=info m="[SEND RESPONSE] {\"trans_id\":\"ac16f001626c837448a5e288f4877\",\"response_code\":9500,\"response_desc\":\"Server Error\",\"error_detail\":\"Error 1048: Column 'created_by' cannot be null\"}" func=billingdashboard/core.LogBodyRequest file="C:/IMS/app/BillingDashboardBackend/core/transport_Global.go:106"
t="2022-04-30T07:33:50+07:00" l=info m="App doesnt use redis" func=billingdashboard/connections.InitRedisConnection file="C:/IMS/app/BillingDashboardBackend/connections/Redis_connection.go:44"
t="2022-04-30T07:33:50+07:00" l=info m="Database connection Initiated" func=billingdashboard/lib.DBConnection.Open file="C:/IMS/app/BillingDashboardBackend/lib/dbutils.go:95"
t="2022-04-30T07:33:50+07:00" l=info m="System Ready" func=main.main file="C:/IMS/app/BillingDashboardBackend/main.go:45"
t="2022-04-30T07:33:50+07:00" l=info m=request func=main.logRequest.func1 file="C:/IMS/app/BillingDashboardBackend/main.go:115" body="{\n\t\"invoice_id\":\"58\",\n\t\"total\":\"70000\",\n\t\"last_update_username\":\"krisman\"\n}" ip="[::1]:63694" method=POST url=/payment
t="2022-04-30T07:33:50+07:00" l=info m="[RECEIVED REQUEST] {\n\t\"invoice_id\":\"58\",\n\t\"total\":\"70000\",\n\t\"last_update_username\":\"krisman\"\n}" func=billingdashboard/core.LogBodyRequest file="C:/IMS/app/BillingDashboardBackend/core/transport_Global.go:106"
t="2022-04-30T07:33:50+07:00" l=info m="PaymentService.CreatePayment Request : {ListPaymentID:[] PaymentID: InvoiceID:58 PaymentDate: Total:70000 Note: CreatedBy: UserName: LastUpdateUsername:krisman Param:{LastID: PerPage:0 Page:0 OrderBy: OrderDir:}}" func=billingdashboard/modules/payment/services.CreatePayment file="C:/IMS/app/BillingDashboardBackend/modules/payment/services/Payment_service.go:41"
t="2022-04-30T07:33:50+07:00" l=info m="[SEND RESPONSE] {\"trans_id\":\"ac16f001626c83eeb0421f540df67\",\"response_code\":3003,\"response_desc\":\"Incomplete Request\",\"error_detail\":\"\"}" func=billingdashboard/core.LogBodyRequest file="C:/IMS/app/BillingDashboardBackend/core/transport_Global.go:106"
t="2022-04-30T07:34:26+07:00" l=info m="App doesnt use redis" func=billingdashboard/connections.InitRedisConnection file="C:/IMS/app/BillingDashboardBackend/connections/Redis_connection.go:44"
t="2022-04-30T07:34:27+07:00" l=info m="Database connection Initiated" func=billingdashboard/lib.DBConnection.Open file="C:/IMS/app/BillingDashboardBackend/lib/dbutils.go:95"
t="2022-04-30T07:34:27+07:00" l=info m="System Ready" func=main.main file="C:/IMS/app/BillingDashboardBackend/main.go:45"
t="2022-04-30T07:34:27+07:00" l=info m=request func=main.logRequest.func1 file="C:/IMS/app/BillingDashboardBackend/main.go:115" body="{\n\t\"invoice_id\":\"58\",\n\t\"total\":\"70000\",\n\t\"last_update_username\":\"krisman\"\n}" ip="[::1]:63701" method=POST url=/payment
t="2022-04-30T07:34:27+07:00" l=info m="[RECEIVED REQUEST] {\n\t\"invoice_id\":\"58\",\n\t\"total\":\"70000\",\n\t\"last_update_username\":\"krisman\"\n}" func=billingdashboard/core.LogBodyRequest file="C:/IMS/app/BillingDashboardBackend/core/transport_Global.go:106"
t="2022-04-30T07:34:27+07:00" l=info m="PaymentService.CreatePayment Request : {ListPaymentID:[] PaymentID: InvoiceID:58 PaymentDate: Total:70000 Note: CreatedBy: UserName: LastUpdateUsername:krisman Param:{LastID: PerPage:0 Page:0 OrderBy: OrderDir:}}" func=billingdashboard/modules/payment/services.CreatePayment file="C:/IMS/app/BillingDashboardBackend/modules/payment/services/Payment_service.go:41"
t="2022-04-30T07:34:27+07:00" l=info m="[SEND RESPONSE] {\"trans_id\":\"ac16f001626c84133572fb274d355\",\"response_code\":0,\"response_desc\":\"Success\",\"error_detail\":\"\"}" func=billingdashboard/core.LogBodyRequest file="C:/IMS/app/BillingDashboardBackend/core/transport_Global.go:106"
t="2022-04-30T07:34:31+07:00" l=info m="Initiate gracefully shutdown with exit signal" func=main.main.func2 file="C:/IMS/app/BillingDashboardBackend/main.go:54"
t="2022-04-30T07:34:31+07:00" l=info m="Shutting down gracefully with exit signal" func=main.main.func2 file="C:/IMS/app/BillingDashboardBackend/main.go:57"
t="2022-04-30T07:34:31+07:00" l=info m="Shutting down gracefully with exit signal" func=main.main.func1 file="C:/IMS/app/BillingDashboardBackend/main.go:40"
t="2022-04-30T07:34:31+07:00" l=info m="http: Server closed" func=main.main file="C:/IMS/app/BillingDashboardBackend/main.go:60"
